<?xml version="1.0" encoding="UTF-8"?>
<testsuites name="Integrations_ForcePop" time="186" tests="1" failures="0" errors="0">
   <testsuite name="Integrations_ForcePop" tests="1" failures="0" errors="0" time="186" timestamp="2019-03-01 09:35:29" hostname="maki.nakahama - MAKINAKAHAM-PC.INGMEDCORP.LOCAL" id="Test Suites/Integrations_ForcePop">
      <properties>
         <property name="deviceName" value=""/>
         <property name="devicePlatform" value=""/>
         <property name="logFolder" value="C:\\Users\\maki.nakahama\\Katalon Studio\\Integration Dashboard Search\\Reports\\Integrations_ForcePop\\20190301_093525"/>
         <property name="logFiles" value="C:\\Users\\maki.nakahama\\Katalon Studio\\Integration Dashboard Search\\Reports\\Integrations_ForcePop\\20190301_093525\\execution0.log"/>
         <property name="attachments" value=""/>
         <property name="hostName" value="maki.nakahama - MAKINAKAHAM-PC.INGMEDCORP.LOCAL"/>
         <property name="os" value="Windows 7 64bit"/>
         <property name="katalonVersion" value="6.0.5.4"/>
         <property name="browser" value="Chrome 72.0.3626.119"/>
         <property name="hostAddress" value="10.0.10.59"/>
         <property name="sessionId" value="0629c502194c067e6ebb13bc796fc490"/>
         <property name="seleniumVersion" value="3.7.1"/>
         <property name="proxyInformation" value="ProxyInformation{proxyOption=NO_PROXY, proxyServerType=HTTP, password=, proxyServerAddress=, proxyServerPort=0}"/>
         <property name="platform" value="Windows 7"/>
      </properties>
      <testcase name="Test Cases/Regression" classname="Test Cases/Regression" status="PASSED">
         <system-out><![CDATA[2019-03-01 09:35:29 - [TEST_CASE][PASSED] - Test Cases/Regression: Test Cases/Regression

2019-03-01 09:35:30 - [TEST_STEP][PASSED] - url = findTestData("IntegrationsInputData").getValue("url", 1): null

2019-03-01 09:35:31 - [TEST_STEP][PASSED] - usr = findTestData("IntegrationsInputData").getValue("user", 1): null

2019-03-01 09:35:31 - [TEST_STEP][PASSED] - pwd = findTestData("IntegrationsInputData").getValue("password", 1): null

2019-03-01 09:35:31 - [TEST_STEP][PASSED] - msg = findTestData("IntegrationsInputData").getValue("sendMsg", 1): null

2019-03-01 09:35:31 - [TEST_STEP][PASSED] - dbip = findTestData("IntegrationsInputData").getValue("dbIP", 1): null

2019-03-01 09:35:31 - [TEST_STEP][PASSED] - dbport = findTestData("IntegrationsInputData").getValue("dbPort", 1): null

2019-03-01 09:35:31 - [TEST_STEP][PASSED] - dbgrp = findTestData("IntegrationsInputData").getValue("dbGroup", 1): null

2019-03-01 09:35:31 - [TEST_STEP][PASSED] - dbusr = findTestData("IntegrationsInputData").getValue("dbUsr", 1): null

2019-03-01 09:35:31 - [TEST_STEP][PASSED] - dbpwd = findTestData("IntegrationsInputData").getValue("dbPwd", 1): null

2019-03-01 09:35:32 - [TEST_STEP][PASSED] - dbqtblmain = findTestData("IntegrationsInputData").getValue("dbQueryTBLMain", 1): null

2019-03-01 09:35:32 - [TEST_STEP][PASSED] - dbqfullp = findTestData("IntegrationsInputData").getValue("dbQueryFullPatient", 1): null

2019-03-01 09:35:32 - [TEST_STEP][PASSED] - dbclntblmain = findTestData("IntegrationsInputData").getValue("dbCleanTableMain", 1): null

2019-03-01 09:35:32 - [TEST_STEP][PASSED] - dbclnfullp = findTestData("IntegrationsInputData").getValue("dbCleanFullPatient", 1): null

2019-03-01 09:35:32 - [TEST_STEP][PASSED] - openBrowser(""): Browser is opened with url: ''

2019-03-01 09:35:32 - [MESSAGE][INFO] - Starting 'Chrome' driver

2019-03-01 09:35:32 - [MESSAGE][INFO] - Action delay is set to 0 seconds

2019-03-01 09:35:35 - [MESSAGE][PASSED] - Browser is opened with url: ''

2019-03-01 09:35:35 - [TEST_STEP][PASSED] - navigateToUrl(url): Navigate to 'https://qa.imbills.com/IntegrationsDashboard/Account/Login?ReturnUrl=%2fIntegrationsDashboard' successfully

2019-03-01 09:35:36 - [MESSAGE][PASSED] - Navigate to 'https://qa.imbills.com/IntegrationsDashboard/Account/Login?ReturnUrl=%2fIntegrationsDashboard' successfully

2019-03-01 09:35:36 - [TEST_STEP][PASSED] - setText(findTestObject("Page_Integrations Dashboard/input_User name_UserName (1)"), usr): Text 'IM\maki.nakahama' is set on object 'Object Repository/Page_Integrations Dashboard/input_User name_UserName (1)'

2019-03-01 09:35:36 - [MESSAGE][PASSED] - Text 'IM\maki.nakahama' is set on object 'Object Repository/Page_Integrations Dashboard/input_User name_UserName (1)'

2019-03-01 09:35:36 - [TEST_STEP][PASSED] - setEncryptedText(findTestObject("Page_Integrations Dashboard/input_Password_Password (1)"), pwd): Text ****** has been set on object 'Object Repository/Page_Integrations Dashboard/input_Password_Password (1)'

2019-03-01 09:35:37 - [MESSAGE][PASSED] - Text ****** has been set on object 'Object Repository/Page_Integrations Dashboard/input_Password_Password (1)'

2019-03-01 09:35:37 - [TEST_STEP][PASSED] - maximizeWindow(): Current window maximized

2019-03-01 09:35:37 - [MESSAGE][PASSED] - Current window maximized

2019-03-01 09:35:37 - [TEST_STEP][PASSED] - click(findTestObject("Page_Integrations Dashboard/input (1)")): Object: 'Object Repository/Page_Integrations Dashboard/input (1)' is clicked on

2019-03-01 09:35:38 - [MESSAGE][PASSED] - Object: 'Object Repository/Page_Integrations Dashboard/input (1)' is clicked on

2019-03-01 09:35:38 - [TEST_STEP][PASSED] - delay(3): Delayed 3 second(s)

2019-03-01 09:35:41 - [MESSAGE][PASSED] - Delayed 3 second(s)

2019-03-01 09:35:41 - [TEST_STEP][PASSED] - click(findTestObject("Page_Integrations Dashboard/a_Incoming Feeds")): Object: 'Object Repository/Page_Integrations Dashboard/a_Incoming Feeds' is clicked on

2019-03-01 09:35:41 - [MESSAGE][PASSED] - Object: 'Object Repository/Page_Integrations Dashboard/a_Incoming Feeds' is clicked on

2019-03-01 09:35:41 - [TEST_STEP][PASSED] - selectOptionByValue(findTestObject("Page_Integrations Dashboard/select_ADTSIUDX            WEB"), "19", true): All options with value '19' are selected in object 'Object Repository/Page_Integrations Dashboard/select_ADTSIUDX            WEB'  using regular expression

2019-03-01 09:35:42 - [MESSAGE][PASSED] - All options with value '19' are selected in object 'Object Repository/Page_Integrations Dashboard/select_ADTSIUDX            WEB'  using regular expression

2019-03-01 09:35:42 - [TEST_STEP][PASSED] - delay(2): Delayed 2 second(s)

2019-03-01 09:35:44 - [MESSAGE][PASSED] - Delayed 2 second(s)

2019-03-01 09:35:44 - [TEST_STEP][PASSED] - setText(findTestObject("Page_Integrations Dashboard/input_Feeds_interfaceSearchBox"), "naka"): Text 'naka' is set on object 'Object Repository/Page_Integrations Dashboard/input_Feeds_interfaceSearchBox'

2019-03-01 09:35:44 - [MESSAGE][PASSED] - Text 'naka' is set on object 'Object Repository/Page_Integrations Dashboard/input_Feeds_interfaceSearchBox'

2019-03-01 09:35:44 - [TEST_STEP][PASSED] - click(findTestObject("Page_Integrations Dashboard/input_Feeds_interfaceSearchBut")): Object: 'Object Repository/Page_Integrations Dashboard/input_Feeds_interfaceSearchBut' is clicked on

2019-03-01 09:35:44 - [MESSAGE][PASSED] - Object: 'Object Repository/Page_Integrations Dashboard/input_Feeds_interfaceSearchBut' is clicked on

2019-03-01 09:35:44 - [TEST_STEP][PASSED] - rightClick(findTestObject("Page_Integrations Dashboard/td_604")): Object: 'Object Repository/Page_Integrations Dashboard/td_604' is right clicked on

2019-03-01 09:35:45 - [MESSAGE][PASSED] - Object: 'Object Repository/Page_Integrations Dashboard/td_604' is right clicked on

2019-03-01 09:35:45 - [TEST_STEP][PASSED] - delay(3): Delayed 3 second(s)

2019-03-01 09:35:48 - [MESSAGE][PASSED] - Delayed 3 second(s)

2019-03-01 09:35:48 - [TEST_STEP][PASSED] - click(findTestObject("Page_Integrations Dashboard/span_View Interface")): Object: 'Object Repository/Page_Integrations Dashboard/span_View Interface' is clicked on

2019-03-01 09:35:48 - [MESSAGE][PASSED] - Object: 'Object Repository/Page_Integrations Dashboard/span_View Interface' is clicked on

2019-03-01 09:35:48 - [TEST_STEP][PASSED] - delay(3): Delayed 3 second(s)

2019-03-01 09:35:51 - [MESSAGE][PASSED] - Delayed 3 second(s)

2019-03-01 09:35:51 - [TEST_STEP][PASSED] - rightClick(findTestObject("Page_Integrations Dashboard/td_ADT Demo - Integrations Sup")): Object: 'Object Repository/Page_Integrations Dashboard/td_ADT Demo - Integrations Sup' is right clicked on

2019-03-01 09:35:51 - [MESSAGE][PASSED] - Object: 'Object Repository/Page_Integrations Dashboard/td_ADT Demo - Integrations Sup' is right clicked on

2019-03-01 09:35:51 - [TEST_STEP][PASSED] - delay(3): Delayed 3 second(s)

2019-03-01 09:35:54 - [MESSAGE][PASSED] - Delayed 3 second(s)

2019-03-01 09:35:54 - [TEST_STEP][PASSED] - verifyElementPresent(findTestObject("Page_Integrations Dashboard/span_Send Message"), 0): Object 'Object Repository/Page_Integrations Dashboard/span_Send Message' is present

2019-03-01 09:35:54 - [MESSAGE][WARNING] - Timeout '0' is invalid. Using default page load timeout: '30'

2019-03-01 09:35:54 - [MESSAGE][PASSED] - Object 'Object Repository/Page_Integrations Dashboard/span_Send Message' is present

2019-03-01 09:35:54 - [TEST_STEP][PASSED] - click(findTestObject("Page_Integrations Dashboard/span_Send Message")): Object: 'Object Repository/Page_Integrations Dashboard/span_Send Message' is clicked on

2019-03-01 09:35:54 - [MESSAGE][PASSED] - Object: 'Object Repository/Page_Integrations Dashboard/span_Send Message' is clicked on

2019-03-01 09:35:54 - [TEST_STEP][PASSED] - setText(findTestObject("Page_Integrations Dashboard/textarea_(collapse all)_messag"), msg): Text 'MSH|^~&|CSAF|B|CSAF|B|20060517075248||ADT^A08|12345|P|2.3|||||||
EVN|A04|20060517075245||||20060517075245
PID||0001149304|06368761||TESTING^DONE^M^^^^^||19450714|M||1|123 TEST DR^APT 1^ATLANTA^GA^30028^||7704443333~7704442222|7701234567|E|M|^|AUTOMATION001|123456789|||||||||AMERICAN||
ACC|200905131100|4||SCARY||||PIECE OF METAL HIT HEAD
PV1||S|HTT^R1^B2^F4||||0878^FUNG^WAYNE^E^JR^MR^DR^.PACIFIC OPTHAL CONS|0878^FUNG^WAYNE^E^JR^MR^DR^|0878^FUNG^WAYNE^E^JR^MR^DR^|CSAF|||||||0878^FUNG^WAYNE^E^JR^MR^DR^|OUTPATIENT||S||||||||||||||||D-DISPO|D-LOC||CSAF|||||20120717133000||
PV2|||||||||200907131100|9|10|
Z11||BY VISITS|19980126||ST MARY COLLEGE||||1|
ZOR|HEALTHET|800|9777282|
ZMC|||19980126
ZP1|INGENIOUS MED|5660 NEW NORTHSIDE DR|UNIT 1|ATLANTA|GA|30326|TECH SUPPORT|
GT1|1|01354352|REAMER^MICHAEL^OWEN^""""^||15370 SE KENSINGTON DR^UNIT A^CLACKAMAS^OR^97015|(503)997-2474~(503)997-2475|(503)255-5999|19740515|M||4|542-94-3941||||NUPRECON|500 WORK DR^UNIT B^CLACKAMAS^OR^97015|(503)255-6000|||||||||||||||||||||||||||||||TECH SUPPORT|
GT1|2|01354352|REAMER^TEST^GRN^""""^||15370 SE KENSINGTON DR^UNIT A^CLACKAMAS^OR^97015|(503)997-2474~(503)997-2475|(503)255-5999|19740515|M||4|542-94-1111||||NUPRECON|500 WORK DR^UNIT B^CLACKAMAS^OR^97015|(503)255-6000|||||||||||||||||||||||||||||||TECH SUPPORT|
PD1||||00252^FUNG^WAYNE^E^^|
ZTP||||||
IN1|1|0369|2229|HEALTH CARE SAVINGS|4530 PARK RD  SUITE 110^BLD 1^CHARLOTTE^NC^28209^USA^MAIN||(800)892-1893|5276|InsuranceGroup|||||A123456|IC123|STAINBACK^NICHOLAS^W|01^Patient is Insured|19820413|157 THORPE STREET^BUILDING B^HENDERSON^NC^27536^USA^^^091|||1||||||PA123||||||||241537100||||||1^Employed full time|M|566 RUIN CREEK RD^ABC^HENDERSON^NC^27536^USA^^^091
IN2||123456789|INGENIOUS MED||||||||||||||||||||||||||||||||||||||||||||||||||||||||||||(770)765-4321|(404)765-3333
FT1|1|||20091002|||||||||||||||253.6^SIADH central~253.7^TEST central||||||99238^D/C: Inpt D/C-low (<30min)||
NK1|1|TEST^JOSEPH2^M^^^^^|F|123 TEST DR^APT 1^ATLANTA^GA^30028^|(503)255-1234|(503)255-1000||
NK1|2|TEST^JOSEPH1^M^^^^^|F|123 TEST DR^APT 1^ATLANTA^GA^30028^|(503)255-1234|(503)255-1000||
ZED|||||4159233007|80878|37|4159233007|WEF||||

MSH|^~&|CSAF|B|CSAF|B|20060517075248||ADT^A08|12345|P|2.3|||||||
EVN|A04|20060517075245||||20060517075245
PID||0001149304|06368761||TESTING^DONE^M^^^^^||19450714|M||1|123 TEST DR^APT 1^ATLANTA^GA^30028^||7704443333~7704442222|7701234567|E|M|^|AUTOMATION002|123456789|||||||||AMERICAN||
ACC|200905131100|4||SCARY||||PIECE OF METAL HIT HEAD
PV1||S|HTT^R1^B2^F4||||0878^FUNG^WAYNE^E^JR^MR^DR^.PACIFIC OPTHAL CONS|0878^FUNG^WAYNE^E^JR^MR^DR^|0878^FUNG^WAYNE^E^JR^MR^DR^|CSAF|||||||0878^FUNG^WAYNE^E^JR^MR^DR^|INPATIENT||S||||||||||||||||D-DISPO|D-LOC||CSAF|||||20120717133000||
PV2|||||||||200907131100|9|10|
Z11||BY VISITS|19980126||ST MARY COLLEGE||||1|
ZOR|HEALTHET|800|9777282|
ZMC|||19980126
ZP1|INGENIOUS MED|5660 NEW NORTHSIDE DR|UNIT 1|ATLANTA|GA|30326|TECH SUPPORT|
GT1|1|01354352|REAMER^MICHAEL^OWEN^""""^||15370 SE KENSINGTON DR^UNIT A^CLACKAMAS^OR^97015|(503)997-2474~(503)997-2475|(503)255-5999|19740515|M||4|542-94-3941||||NUPRECON|500 WORK DR^UNIT B^CLACKAMAS^OR^97015|(503)255-6000|||||||||||||||||||||||||||||||TECH SUPPORT|
GT1|2|01354352|REAMER^TEST^GRN^""""^||15370 SE KENSINGTON DR^UNIT A^CLACKAMAS^OR^97015|(503)997-2474~(503)997-2475|(503)255-5999|19740515|M||4|542-94-1111||||NUPRECON|500 WORK DR^UNIT B^CLACKAMAS^OR^97015|(503)255-6000|||||||||||||||||||||||||||||||TECH SUPPORT|
PD1||||00252^FUNG^WAYNE^E^^|
ZTP||||||
IN1|1|0369|2229|HEALTH CARE SAVINGS|4530 PARK RD  SUITE 110^BLD 1^CHARLOTTE^NC^28209^USA^MAIN||(800)892-1893|5276|InsuranceGroup|||||A123456|IC123|STAINBACK^NICHOLAS^W|01^Patient is Insured|19820413|157 THORPE STREET^BUILDING B^HENDERSON^NC^27536^USA^^^091|||1||||||PA123||||||||241537100||||||1^Employed full time|M|566 RUIN CREEK RD^ABC^HENDERSON^NC^27536^USA^^^091
IN2||123456789|INGENIOUS MED||||||||||||||||||||||||||||||||||||||||||||||||||||||||||||(770)765-4321|(404)765-3333
FT1|1|||20091002|||||||||||||||253.6^SIADH central~253.7^TEST central||||||99238^D/C: Inpt D/C-low (<30min)||
NK1|1|TEST^JOSEPH2^M^^^^^|F|123 TEST DR^APT 1^ATLANTA^GA^30028^|(503)255-1234|(503)255-1000||
NK1|2|TEST^JOSEPH1^M^^^^^|F|123 TEST DR^APT 1^ATLANTA^GA^30028^|(503)255-1234|(503)255-1000||
ZED|||||4159233007|80878|37|4159233007|WEF||||

MSH|^~&|CSAF|B|CSAF|B|20060517075248||ADT^A08|12345|P|2.3|||||||
EVN|A04|20060517075245||||20060517075245
PID||0001149304|06368761||TESTING^DONE^M^^^^^||19450714|M||1|123 TEST DR^APT 1^ATLANTA^GA^30028^||7704443333~7704442222|7701234567|E|M|^|AUTOMATION003|123456789|||||||||AMERICAN||
ACC|200905131100|4||SCARY||||PIECE OF METAL HIT HEAD
PV1||S|HTT^R1^B2^F4||||0878^FUNG^WAYNE^E^JR^MR^DR^.PACIFIC OPTHAL CONS|0878^FUNG^WAYNE^E^JR^MR^DR^|0878^FUNG^WAYNE^E^JR^MR^DR^|CSAF|||||||0878^FUNG^WAYNE^E^JR^MR^DR^|URGENT||S||||||||||||||||D-DISPO|D-LOC||CSAF|||||20120717133000||
PV2|||||||||200907131100|9|10|
Z11||BY VISITS|19980126||ST MARY COLLEGE||||1|
ZOR|HEALTHET|800|9777282|
ZMC|||19980126
ZP1|INGENIOUS MED|5660 NEW NORTHSIDE DR|UNIT 1|ATLANTA|GA|30326|TECH SUPPORT|
GT1|1|01354352|REAMER^MICHAEL^OWEN^""""^||15370 SE KENSINGTON DR^UNIT A^CLACKAMAS^OR^97015|(503)997-2474~(503)997-2475|(503)255-5999|19740515|M||4|542-94-3941||||NUPRECON|500 WORK DR^UNIT B^CLACKAMAS^OR^97015|(503)255-6000|||||||||||||||||||||||||||||||TECH SUPPORT|
GT1|2|01354352|REAMER^TEST^GRN^""""^||15370 SE KENSINGTON DR^UNIT A^CLACKAMAS^OR^97015|(503)997-2474~(503)997-2475|(503)255-5999|19740515|M||4|542-94-1111||||NUPRECON|500 WORK DR^UNIT B^CLACKAMAS^OR^97015|(503)255-6000|||||||||||||||||||||||||||||||TECH SUPPORT|
PD1||||00252^FUNG^WAYNE^E^^|
ZTP||||||
IN1|1|0369|2229|HEALTH CARE SAVINGS|4530 PARK RD  SUITE 110^BLD 1^CHARLOTTE^NC^28209^USA^MAIN||(800)892-1893|5276|InsuranceGroup|||||A123456|IC123|STAINBACK^NICHOLAS^W|01^Patient is Insured|19820413|157 THORPE STREET^BUILDING B^HENDERSON^NC^27536^USA^^^091|||1||||||PA123||||||||241537100||||||1^Employed full time|M|566 RUIN CREEK RD^ABC^HENDERSON^NC^27536^USA^^^091
IN2||123456789|INGENIOUS MED||||||||||||||||||||||||||||||||||||||||||||||||||||||||||||(770)765-4321|(404)765-3333
FT1|1|||20091002|||||||||||||||253.6^SIADH central~253.7^TEST central||||||99238^D/C: Inpt D/C-low (<30min)||
NK1|1|TEST^JOSEPH2^M^^^^^|F|123 TEST DR^APT 1^ATLANTA^GA^30028^|(503)255-1234|(503)255-1000||
NK1|2|TEST^JOSEPH1^M^^^^^|F|123 TEST DR^APT 1^ATLANTA^GA^30028^|(503)255-1234|(503)255-1000||
ZED|||||4159233007|80878|37|4159233007|WEF||||

MSH|^~&|CSAF|B|CSAF|B|20060517075248||ADT^A08|12345|P|2.3|||||||
EVN|A04|20060517075245||||20060517075245
PID||0001149304|06368761||TESTING^DONE^M^^^^^||19450714|M||1|123 TEST DR^APT 1^ATLANTA^GA^30028^||7704443333~7704442222|7701234567|E|M|^|AUTOMATION004|123456789|||||||||AMERICAN||
ACC|200905131100|4||SCARY||||PIECE OF METAL HIT HEAD
PV1||S|HTT^R1^B2^F4||||0878^FUNG^WAYNE^E^JR^MR^DR^.PACIFIC OPTHAL CONS|0878^FUNG^WAYNE^E^JR^MR^DR^|0878^FUNG^WAYNE^E^JR^MR^DR^|CSAF|||||||0878^FUNG^WAYNE^E^JR^MR^DR^|INPATIENT||S||||||||||||||||D-DISPO|D-LOC||CSAF|||||20120717133000||
PV2|||||||||200907131100|9|10|
Z11||BY VISITS|19980126||ST MARY COLLEGE||||1|
ZOR|HEALTHET|800|9777282|
ZMC|||19980126
ZP1|INGENIOUS MED|5660 NEW NORTHSIDE DR|UNIT 1|ATLANTA|GA|30326|TECH SUPPORT|
GT1|1|01354352|REAMER^MICHAEL^OWEN^""""^||15370 SE KENSINGTON DR^UNIT A^CLACKAMAS^OR^97015|(503)997-2474~(503)997-2475|(503)255-5999|19740515|M||4|542-94-3941||||NUPRECON|500 WORK DR^UNIT B^CLACKAMAS^OR^97015|(503)255-6000|||||||||||||||||||||||||||||||TECH SUPPORT|
GT1|2|01354352|REAMER^TEST^GRN^""""^||15370 SE KENSINGTON DR^UNIT A^CLACKAMAS^OR^97015|(503)997-2474~(503)997-2475|(503)255-5999|19740515|M||4|542-94-1111||||NUPRECON|500 WORK DR^UNIT B^CLACKAMAS^OR^97015|(503)255-6000|||||||||||||||||||||||||||||||TECH SUPPORT|
PD1||||00252^FUNG^WAYNE^E^^|
ZTP||||||
IN1|1|0369|2229|HEALTH CARE SAVINGS|4530 PARK RD  SUITE 110^BLD 1^CHARLOTTE^NC^28209^USA^MAIN||(800)892-1893|5276|InsuranceGroup|||||A123456|IC123|STAINBACK^NICHOLAS^W|01^Patient is Insured|19820413|157 THORPE STREET^BUILDING B^HENDERSON^NC^27536^USA^^^091|||1||||||PA123||||||||241537100||||||1^Employed full time|M|566 RUIN CREEK RD^ABC^HENDERSON^NC^27536^USA^^^091
IN2||123456789|INGENIOUS MED||||||||||||||||||||||||||||||||||||||||||||||||||||||||||||(770)765-4321|(404)765-3333
FT1|1|||20091002|||||||||||||||253.6^SIADH central~253.7^TEST central||||||99238^D/C: Inpt D/C-low (<30min)||
NK1|1|TEST^JOSEPH2^M^^^^^|F|123 TEST DR^APT 1^ATLANTA^GA^30028^|(503)255-1234|(503)255-1000||
NK1|2|TEST^JOSEPH1^M^^^^^|F|123 TEST DR^APT 1^ATLANTA^GA^30028^|(503)255-1234|(503)255-1000||
ZED|||||4159233007|80878|37|4159233007|WEF||||

MSH|^~&|CSAF|B|CSAF|B|20060517075248||ADT^A08|12345|P|2.3|||||||
EVN|A04|20060517075245||||20060517075245
PID||0001149304|06368761||TESTING^DONE^M^^^^^||19450714|M||1|123 TEST DR^APT 1^ATLANTA^GA^30028^||7704443333~7704442222|7701234567|E|M|^|AUTOMATION005|123456789|||||||||AMERICAN||
ACC|200905131100|4||SCARY||||PIECE OF METAL HIT HEAD
PV1||S|HTT^R1^B2^F4||||0878^FUNG^WAYNE^E^JR^MR^DR^.PACIFIC OPTHAL CONS|0878^FUNG^WAYNE^E^JR^MR^DR^|0878^FUNG^WAYNE^E^JR^MR^DR^|CSAF|||||||0878^FUNG^WAYNE^E^JR^MR^DR^|ER||S||||||||||||||||D-DISPO|D-LOC||CSAF|||||20120717133000||
PV2|||||||||200907131100|9|10|
Z11||BY VISITS|19980126||ST MARY COLLEGE||||1|
ZOR|HEALTHET|800|9777282|
ZMC|||19980126
ZP1|INGENIOUS MED|5660 NEW NORTHSIDE DR|UNIT 1|ATLANTA|GA|30326|TECH SUPPORT|
GT1|1|01354352|REAMER^MICHAEL^OWEN^""""^||15370 SE KENSINGTON DR^UNIT A^CLACKAMAS^OR^97015|(503)997-2474~(503)997-2475|(503)255-5999|19740515|M||4|542-94-3941||||NUPRECON|500 WORK DR^UNIT B^CLACKAMAS^OR^97015|(503)255-6000|||||||||||||||||||||||||||||||TECH SUPPORT|
GT1|2|01354352|REAMER^TEST^GRN^""""^||15370 SE KENSINGTON DR^UNIT A^CLACKAMAS^OR^97015|(503)997-2474~(503)997-2475|(503)255-5999|19740515|M||4|542-94-1111||||NUPRECON|500 WORK DR^UNIT B^CLACKAMAS^OR^97015|(503)255-6000|||||||||||||||||||||||||||||||TECH SUPPORT|
PD1||||00252^FUNG^WAYNE^E^^|
ZTP||||||
IN1|1|0369|2229|HEALTH CARE SAVINGS|4530 PARK RD  SUITE 110^BLD 1^CHARLOTTE^NC^28209^USA^MAIN||(800)892-1893|5276|InsuranceGroup|||||A123456|IC123|STAINBACK^NICHOLAS^W|01^Patient is Insured|19820413|157 THORPE STREET^BUILDING B^HENDERSON^NC^27536^USA^^^091|||1||||||PA123||||||||241537100||||||1^Employed full time|M|566 RUIN CREEK RD^ABC^HENDERSON^NC^27536^USA^^^091
IN2||123456789|INGENIOUS MED||||||||||||||||||||||||||||||||||||||||||||||||||||||||||||(770)765-4321|(404)765-3333
FT1|1|||20091002|||||||||||||||253.6^SIADH central~253.7^TEST central||||||99238^D/C: Inpt D/C-low (<30min)||
NK1|1|TEST^JOSEPH2^M^^^^^|F|123 TEST DR^APT 1^ATLANTA^GA^30028^|(503)255-1234|(503)255-1000||
NK1|2|TEST^JOSEPH1^M^^^^^|F|123 TEST DR^APT 1^ATLANTA^GA^30028^|(503)255-1234|(503)255-1000||
ZED|||||4159233007|80878|37|4159233007|WEF||||
' is set on object 'Object Repository/Page_Integrations Dashboard/textarea_(collapse all)_messag'

2019-03-01 09:37:18 - [MESSAGE][PASSED] - Text 'MSH|^~&|CSAF|B|CSAF|B|20060517075248||ADT^A08|12345|P|2.3|||||||
EVN|A04|20060517075245||||20060517075245
PID||0001149304|06368761||TESTING^DONE^M^^^^^||19450714|M||1|123 TEST DR^APT 1^ATLANTA^GA^30028^||7704443333~7704442222|7701234567|E|M|^|AUTOMATION001|123456789|||||||||AMERICAN||
ACC|200905131100|4||SCARY||||PIECE OF METAL HIT HEAD
PV1||S|HTT^R1^B2^F4||||0878^FUNG^WAYNE^E^JR^MR^DR^.PACIFIC OPTHAL CONS|0878^FUNG^WAYNE^E^JR^MR^DR^|0878^FUNG^WAYNE^E^JR^MR^DR^|CSAF|||||||0878^FUNG^WAYNE^E^JR^MR^DR^|OUTPATIENT||S||||||||||||||||D-DISPO|D-LOC||CSAF|||||20120717133000||
PV2|||||||||200907131100|9|10|
Z11||BY VISITS|19980126||ST MARY COLLEGE||||1|
ZOR|HEALTHET|800|9777282|
ZMC|||19980126
ZP1|INGENIOUS MED|5660 NEW NORTHSIDE DR|UNIT 1|ATLANTA|GA|30326|TECH SUPPORT|
GT1|1|01354352|REAMER^MICHAEL^OWEN^""""^||15370 SE KENSINGTON DR^UNIT A^CLACKAMAS^OR^97015|(503)997-2474~(503)997-2475|(503)255-5999|19740515|M||4|542-94-3941||||NUPRECON|500 WORK DR^UNIT B^CLACKAMAS^OR^97015|(503)255-6000|||||||||||||||||||||||||||||||TECH SUPPORT|
GT1|2|01354352|REAMER^TEST^GRN^""""^||15370 SE KENSINGTON DR^UNIT A^CLACKAMAS^OR^97015|(503)997-2474~(503)997-2475|(503)255-5999|19740515|M||4|542-94-1111||||NUPRECON|500 WORK DR^UNIT B^CLACKAMAS^OR^97015|(503)255-6000|||||||||||||||||||||||||||||||TECH SUPPORT|
PD1||||00252^FUNG^WAYNE^E^^|
ZTP||||||
IN1|1|0369|2229|HEALTH CARE SAVINGS|4530 PARK RD  SUITE 110^BLD 1^CHARLOTTE^NC^28209^USA^MAIN||(800)892-1893|5276|InsuranceGroup|||||A123456|IC123|STAINBACK^NICHOLAS^W|01^Patient is Insured|19820413|157 THORPE STREET^BUILDING B^HENDERSON^NC^27536^USA^^^091|||1||||||PA123||||||||241537100||||||1^Employed full time|M|566 RUIN CREEK RD^ABC^HENDERSON^NC^27536^USA^^^091
IN2||123456789|INGENIOUS MED||||||||||||||||||||||||||||||||||||||||||||||||||||||||||||(770)765-4321|(404)765-3333
FT1|1|||20091002|||||||||||||||253.6^SIADH central~253.7^TEST central||||||99238^D/C: Inpt D/C-low (<30min)||
NK1|1|TEST^JOSEPH2^M^^^^^|F|123 TEST DR^APT 1^ATLANTA^GA^30028^|(503)255-1234|(503)255-1000||
NK1|2|TEST^JOSEPH1^M^^^^^|F|123 TEST DR^APT 1^ATLANTA^GA^30028^|(503)255-1234|(503)255-1000||
ZED|||||4159233007|80878|37|4159233007|WEF||||

MSH|^~&|CSAF|B|CSAF|B|20060517075248||ADT^A08|12345|P|2.3|||||||
EVN|A04|20060517075245||||20060517075245
PID||0001149304|06368761||TESTING^DONE^M^^^^^||19450714|M||1|123 TEST DR^APT 1^ATLANTA^GA^30028^||7704443333~7704442222|7701234567|E|M|^|AUTOMATION002|123456789|||||||||AMERICAN||
ACC|200905131100|4||SCARY||||PIECE OF METAL HIT HEAD
PV1||S|HTT^R1^B2^F4||||0878^FUNG^WAYNE^E^JR^MR^DR^.PACIFIC OPTHAL CONS|0878^FUNG^WAYNE^E^JR^MR^DR^|0878^FUNG^WAYNE^E^JR^MR^DR^|CSAF|||||||0878^FUNG^WAYNE^E^JR^MR^DR^|INPATIENT||S||||||||||||||||D-DISPO|D-LOC||CSAF|||||20120717133000||
PV2|||||||||200907131100|9|10|
Z11||BY VISITS|19980126||ST MARY COLLEGE||||1|
ZOR|HEALTHET|800|9777282|
ZMC|||19980126
ZP1|INGENIOUS MED|5660 NEW NORTHSIDE DR|UNIT 1|ATLANTA|GA|30326|TECH SUPPORT|
GT1|1|01354352|REAMER^MICHAEL^OWEN^""""^||15370 SE KENSINGTON DR^UNIT A^CLACKAMAS^OR^97015|(503)997-2474~(503)997-2475|(503)255-5999|19740515|M||4|542-94-3941||||NUPRECON|500 WORK DR^UNIT B^CLACKAMAS^OR^97015|(503)255-6000|||||||||||||||||||||||||||||||TECH SUPPORT|
GT1|2|01354352|REAMER^TEST^GRN^""""^||15370 SE KENSINGTON DR^UNIT A^CLACKAMAS^OR^97015|(503)997-2474~(503)997-2475|(503)255-5999|19740515|M||4|542-94-1111||||NUPRECON|500 WORK DR^UNIT B^CLACKAMAS^OR^97015|(503)255-6000|||||||||||||||||||||||||||||||TECH SUPPORT|
PD1||||00252^FUNG^WAYNE^E^^|
ZTP||||||
IN1|1|0369|2229|HEALTH CARE SAVINGS|4530 PARK RD  SUITE 110^BLD 1^CHARLOTTE^NC^28209^USA^MAIN||(800)892-1893|5276|InsuranceGroup|||||A123456|IC123|STAINBACK^NICHOLAS^W|01^Patient is Insured|19820413|157 THORPE STREET^BUILDING B^HENDERSON^NC^27536^USA^^^091|||1||||||PA123||||||||241537100||||||1^Employed full time|M|566 RUIN CREEK RD^ABC^HENDERSON^NC^27536^USA^^^091
IN2||123456789|INGENIOUS MED||||||||||||||||||||||||||||||||||||||||||||||||||||||||||||(770)765-4321|(404)765-3333
FT1|1|||20091002|||||||||||||||253.6^SIADH central~253.7^TEST central||||||99238^D/C: Inpt D/C-low (<30min)||
NK1|1|TEST^JOSEPH2^M^^^^^|F|123 TEST DR^APT 1^ATLANTA^GA^30028^|(503)255-1234|(503)255-1000||
NK1|2|TEST^JOSEPH1^M^^^^^|F|123 TEST DR^APT 1^ATLANTA^GA^30028^|(503)255-1234|(503)255-1000||
ZED|||||4159233007|80878|37|4159233007|WEF||||

MSH|^~&|CSAF|B|CSAF|B|20060517075248||ADT^A08|12345|P|2.3|||||||
EVN|A04|20060517075245||||20060517075245
PID||0001149304|06368761||TESTING^DONE^M^^^^^||19450714|M||1|123 TEST DR^APT 1^ATLANTA^GA^30028^||7704443333~7704442222|7701234567|E|M|^|AUTOMATION003|123456789|||||||||AMERICAN||
ACC|200905131100|4||SCARY||||PIECE OF METAL HIT HEAD
PV1||S|HTT^R1^B2^F4||||0878^FUNG^WAYNE^E^JR^MR^DR^.PACIFIC OPTHAL CONS|0878^FUNG^WAYNE^E^JR^MR^DR^|0878^FUNG^WAYNE^E^JR^MR^DR^|CSAF|||||||0878^FUNG^WAYNE^E^JR^MR^DR^|URGENT||S||||||||||||||||D-DISPO|D-LOC||CSAF|||||20120717133000||
PV2|||||||||200907131100|9|10|
Z11||BY VISITS|19980126||ST MARY COLLEGE||||1|
ZOR|HEALTHET|800|9777282|
ZMC|||19980126
ZP1|INGENIOUS MED|5660 NEW NORTHSIDE DR|UNIT 1|ATLANTA|GA|30326|TECH SUPPORT|
GT1|1|01354352|REAMER^MICHAEL^OWEN^""""^||15370 SE KENSINGTON DR^UNIT A^CLACKAMAS^OR^97015|(503)997-2474~(503)997-2475|(503)255-5999|19740515|M||4|542-94-3941||||NUPRECON|500 WORK DR^UNIT B^CLACKAMAS^OR^97015|(503)255-6000|||||||||||||||||||||||||||||||TECH SUPPORT|
GT1|2|01354352|REAMER^TEST^GRN^""""^||15370 SE KENSINGTON DR^UNIT A^CLACKAMAS^OR^97015|(503)997-2474~(503)997-2475|(503)255-5999|19740515|M||4|542-94-1111||||NUPRECON|500 WORK DR^UNIT B^CLACKAMAS^OR^97015|(503)255-6000|||||||||||||||||||||||||||||||TECH SUPPORT|
PD1||||00252^FUNG^WAYNE^E^^|
ZTP||||||
IN1|1|0369|2229|HEALTH CARE SAVINGS|4530 PARK RD  SUITE 110^BLD 1^CHARLOTTE^NC^28209^USA^MAIN||(800)892-1893|5276|InsuranceGroup|||||A123456|IC123|STAINBACK^NICHOLAS^W|01^Patient is Insured|19820413|157 THORPE STREET^BUILDING B^HENDERSON^NC^27536^USA^^^091|||1||||||PA123||||||||241537100||||||1^Employed full time|M|566 RUIN CREEK RD^ABC^HENDERSON^NC^27536^USA^^^091
IN2||123456789|INGENIOUS MED||||||||||||||||||||||||||||||||||||||||||||||||||||||||||||(770)765-4321|(404)765-3333
FT1|1|||20091002|||||||||||||||253.6^SIADH central~253.7^TEST central||||||99238^D/C: Inpt D/C-low (<30min)||
NK1|1|TEST^JOSEPH2^M^^^^^|F|123 TEST DR^APT 1^ATLANTA^GA^30028^|(503)255-1234|(503)255-1000||
NK1|2|TEST^JOSEPH1^M^^^^^|F|123 TEST DR^APT 1^ATLANTA^GA^30028^|(503)255-1234|(503)255-1000||
ZED|||||4159233007|80878|37|4159233007|WEF||||

MSH|^~&|CSAF|B|CSAF|B|20060517075248||ADT^A08|12345|P|2.3|||||||
EVN|A04|20060517075245||||20060517075245
PID||0001149304|06368761||TESTING^DONE^M^^^^^||19450714|M||1|123 TEST DR^APT 1^ATLANTA^GA^30028^||7704443333~7704442222|7701234567|E|M|^|AUTOMATION004|123456789|||||||||AMERICAN||
ACC|200905131100|4||SCARY||||PIECE OF METAL HIT HEAD
PV1||S|HTT^R1^B2^F4||||0878^FUNG^WAYNE^E^JR^MR^DR^.PACIFIC OPTHAL CONS|0878^FUNG^WAYNE^E^JR^MR^DR^|0878^FUNG^WAYNE^E^JR^MR^DR^|CSAF|||||||0878^FUNG^WAYNE^E^JR^MR^DR^|INPATIENT||S||||||||||||||||D-DISPO|D-LOC||CSAF|||||20120717133000||
PV2|||||||||200907131100|9|10|
Z11||BY VISITS|19980126||ST MARY COLLEGE||||1|
ZOR|HEALTHET|800|9777282|
ZMC|||19980126
ZP1|INGENIOUS MED|5660 NEW NORTHSIDE DR|UNIT 1|ATLANTA|GA|30326|TECH SUPPORT|
GT1|1|01354352|REAMER^MICHAEL^OWEN^""""^||15370 SE KENSINGTON DR^UNIT A^CLACKAMAS^OR^97015|(503)997-2474~(503)997-2475|(503)255-5999|19740515|M||4|542-94-3941||||NUPRECON|500 WORK DR^UNIT B^CLACKAMAS^OR^97015|(503)255-6000|||||||||||||||||||||||||||||||TECH SUPPORT|
GT1|2|01354352|REAMER^TEST^GRN^""""^||15370 SE KENSINGTON DR^UNIT A^CLACKAMAS^OR^97015|(503)997-2474~(503)997-2475|(503)255-5999|19740515|M||4|542-94-1111||||NUPRECON|500 WORK DR^UNIT B^CLACKAMAS^OR^97015|(503)255-6000|||||||||||||||||||||||||||||||TECH SUPPORT|
PD1||||00252^FUNG^WAYNE^E^^|
ZTP||||||
IN1|1|0369|2229|HEALTH CARE SAVINGS|4530 PARK RD  SUITE 110^BLD 1^CHARLOTTE^NC^28209^USA^MAIN||(800)892-1893|5276|InsuranceGroup|||||A123456|IC123|STAINBACK^NICHOLAS^W|01^Patient is Insured|19820413|157 THORPE STREET^BUILDING B^HENDERSON^NC^27536^USA^^^091|||1||||||PA123||||||||241537100||||||1^Employed full time|M|566 RUIN CREEK RD^ABC^HENDERSON^NC^27536^USA^^^091
IN2||123456789|INGENIOUS MED||||||||||||||||||||||||||||||||||||||||||||||||||||||||||||(770)765-4321|(404)765-3333
FT1|1|||20091002|||||||||||||||253.6^SIADH central~253.7^TEST central||||||99238^D/C: Inpt D/C-low (<30min)||
NK1|1|TEST^JOSEPH2^M^^^^^|F|123 TEST DR^APT 1^ATLANTA^GA^30028^|(503)255-1234|(503)255-1000||
NK1|2|TEST^JOSEPH1^M^^^^^|F|123 TEST DR^APT 1^ATLANTA^GA^30028^|(503)255-1234|(503)255-1000||
ZED|||||4159233007|80878|37|4159233007|WEF||||

MSH|^~&|CSAF|B|CSAF|B|20060517075248||ADT^A08|12345|P|2.3|||||||
EVN|A04|20060517075245||||20060517075245
PID||0001149304|06368761||TESTING^DONE^M^^^^^||19450714|M||1|123 TEST DR^APT 1^ATLANTA^GA^30028^||7704443333~7704442222|7701234567|E|M|^|AUTOMATION005|123456789|||||||||AMERICAN||
ACC|200905131100|4||SCARY||||PIECE OF METAL HIT HEAD
PV1||S|HTT^R1^B2^F4||||0878^FUNG^WAYNE^E^JR^MR^DR^.PACIFIC OPTHAL CONS|0878^FUNG^WAYNE^E^JR^MR^DR^|0878^FUNG^WAYNE^E^JR^MR^DR^|CSAF|||||||0878^FUNG^WAYNE^E^JR^MR^DR^|ER||S||||||||||||||||D-DISPO|D-LOC||CSAF|||||20120717133000||
PV2|||||||||200907131100|9|10|
Z11||BY VISITS|19980126||ST MARY COLLEGE||||1|
ZOR|HEALTHET|800|9777282|
ZMC|||19980126
ZP1|INGENIOUS MED|5660 NEW NORTHSIDE DR|UNIT 1|ATLANTA|GA|30326|TECH SUPPORT|
GT1|1|01354352|REAMER^MICHAEL^OWEN^""""^||15370 SE KENSINGTON DR^UNIT A^CLACKAMAS^OR^97015|(503)997-2474~(503)997-2475|(503)255-5999|19740515|M||4|542-94-3941||||NUPRECON|500 WORK DR^UNIT B^CLACKAMAS^OR^97015|(503)255-6000|||||||||||||||||||||||||||||||TECH SUPPORT|
GT1|2|01354352|REAMER^TEST^GRN^""""^||15370 SE KENSINGTON DR^UNIT A^CLACKAMAS^OR^97015|(503)997-2474~(503)997-2475|(503)255-5999|19740515|M||4|542-94-1111||||NUPRECON|500 WORK DR^UNIT B^CLACKAMAS^OR^97015|(503)255-6000|||||||||||||||||||||||||||||||TECH SUPPORT|
PD1||||00252^FUNG^WAYNE^E^^|
ZTP||||||
IN1|1|0369|2229|HEALTH CARE SAVINGS|4530 PARK RD  SUITE 110^BLD 1^CHARLOTTE^NC^28209^USA^MAIN||(800)892-1893|5276|InsuranceGroup|||||A123456|IC123|STAINBACK^NICHOLAS^W|01^Patient is Insured|19820413|157 THORPE STREET^BUILDING B^HENDERSON^NC^27536^USA^^^091|||1||||||PA123||||||||241537100||||||1^Employed full time|M|566 RUIN CREEK RD^ABC^HENDERSON^NC^27536^USA^^^091
IN2||123456789|INGENIOUS MED||||||||||||||||||||||||||||||||||||||||||||||||||||||||||||(770)765-4321|(404)765-3333
FT1|1|||20091002|||||||||||||||253.6^SIADH central~253.7^TEST central||||||99238^D/C: Inpt D/C-low (<30min)||
NK1|1|TEST^JOSEPH2^M^^^^^|F|123 TEST DR^APT 1^ATLANTA^GA^30028^|(503)255-1234|(503)255-1000||
NK1|2|TEST^JOSEPH1^M^^^^^|F|123 TEST DR^APT 1^ATLANTA^GA^30028^|(503)255-1234|(503)255-1000||
ZED|||||4159233007|80878|37|4159233007|WEF||||
' is set on object 'Object Repository/Page_Integrations Dashboard/textarea_(collapse all)_messag'

2019-03-01 09:37:18 - [TEST_STEP][PASSED] - click(findTestObject("Page_Integrations Dashboard/input_(select message text)_pa")): Object: 'Object Repository/Page_Integrations Dashboard/input_(select message text)_pa' is clicked on

2019-03-01 09:37:18 - [MESSAGE][PASSED] - Object: 'Object Repository/Page_Integrations Dashboard/input_(select message text)_pa' is clicked on

2019-03-01 09:37:18 - [TEST_STEP][PASSED] - click(findTestObject("Page_Integrations Dashboard/div_MSH.12 Version ID_thumb")): Object: 'Object Repository/Page_Integrations Dashboard/div_MSH.12 Version ID_thumb' is clicked on

2019-03-01 09:37:19 - [MESSAGE][PASSED] - Object: 'Object Repository/Page_Integrations Dashboard/div_MSH.12 Version ID_thumb' is clicked on

2019-03-01 09:37:19 - [TEST_STEP][PASSED] - click(findTestObject("Page_Integrations Dashboard/div_M_thumb")): Object: 'Object Repository/Page_Integrations Dashboard/div_M_thumb' is clicked on

2019-03-01 09:37:20 - [MESSAGE][PASSED] - Object: 'Object Repository/Page_Integrations Dashboard/div_M_thumb' is clicked on

2019-03-01 09:37:20 - [TEST_STEP][PASSED] - click(findTestObject("Page_Integrations Dashboard/div_Automation001")): Object: 'Object Repository/Page_Integrations Dashboard/div_Automation001' is clicked on

2019-03-01 09:37:20 - [MESSAGE][PASSED] - Object: 'Object Repository/Page_Integrations Dashboard/div_Automation001' is clicked on

2019-03-01 09:37:20 - [TEST_STEP][PASSED] - click(findTestObject("Page_Integrations Dashboard/input_(select message text)_se")): Object: 'Object Repository/Page_Integrations Dashboard/input_(select message text)_se' is clicked on

2019-03-01 09:37:20 - [MESSAGE][PASSED] - Object: 'Object Repository/Page_Integrations Dashboard/input_(select message text)_se' is clicked on

2019-03-01 09:37:20 - [TEST_STEP][PASSED] - click(findTestObject("Page_Integrations Dashboard/div_The message was sent succe")): Object: 'Object Repository/Page_Integrations Dashboard/div_The message was sent succe' is clicked on

2019-03-01 09:37:20 - [MESSAGE][PASSED] - Object: 'Object Repository/Page_Integrations Dashboard/div_The message was sent succe' is clicked on

2019-03-01 09:37:20 - [TEST_STEP][PASSED] - click(findTestObject("Page_Integrations Dashboard/input_(select message text)_cl")): Object: 'Object Repository/Page_Integrations Dashboard/input_(select message text)_cl' is clicked on

2019-03-01 09:37:21 - [MESSAGE][PASSED] - Object: 'Object Repository/Page_Integrations Dashboard/input_(select message text)_cl' is clicked on

2019-03-01 09:37:21 - [TEST_STEP][PASSED] - rightClick(findTestObject("Page_Integrations Dashboard/td_ADT Demo - Integrations Sup")): Object: 'Object Repository/Page_Integrations Dashboard/td_ADT Demo - Integrations Sup' is right clicked on

2019-03-01 09:37:21 - [MESSAGE][PASSED] - Object: 'Object Repository/Page_Integrations Dashboard/td_ADT Demo - Integrations Sup' is right clicked on

2019-03-01 09:37:21 - [TEST_STEP][PASSED] - click(findTestObject("Page_Integrations Dashboard/span_Search Messages")): Object: 'Object Repository/Page_Integrations Dashboard/span_Search Messages' is clicked on

2019-03-01 09:37:21 - [MESSAGE][PASSED] - Object: 'Object Repository/Page_Integrations Dashboard/span_Search Messages' is clicked on

2019-03-01 09:37:21 - [TEST_STEP][PASSED] - click(findTestObject("Page_Integrations Dashboard/input_Search Text_searchMessag")): Object: 'Object Repository/Page_Integrations Dashboard/input_Search Text_searchMessag' is clicked on

2019-03-01 09:37:22 - [MESSAGE][PASSED] - Object: 'Object Repository/Page_Integrations Dashboard/input_Search Text_searchMessag' is clicked on

2019-03-01 09:37:22 - [TEST_STEP][PASSED] - click(findTestObject("Page_Integrations Dashboard/td_Automation001")): Object: 'Object Repository/Page_Integrations Dashboard/td_Automation001' is clicked on

2019-03-01 09:37:23 - [MESSAGE][PASSED] - Object: 'Object Repository/Page_Integrations Dashboard/td_Automation001' is clicked on

2019-03-01 09:37:23 - [TEST_STEP][PASSED] - click(findTestObject("Page_Integrations Dashboard/div_MSH.12 Version ID_thumb")): Object: 'Object Repository/Page_Integrations Dashboard/div_MSH.12 Version ID_thumb' is clicked on

2019-03-01 09:37:23 - [MESSAGE][PASSED] - Object: 'Object Repository/Page_Integrations Dashboard/div_MSH.12 Version ID_thumb' is clicked on

2019-03-01 09:37:23 - [TEST_STEP][PASSED] - click(findTestObject("Page_Integrations Dashboard/div_M_thumb")): Object: 'Object Repository/Page_Integrations Dashboard/div_M_thumb' is clicked on

2019-03-01 09:37:23 - [MESSAGE][PASSED] - Object: 'Object Repository/Page_Integrations Dashboard/div_M_thumb' is clicked on

2019-03-01 09:37:23 - [TEST_STEP][PASSED] - click(findTestObject("Page_Integrations Dashboard/div_Automation001")): Object: 'Object Repository/Page_Integrations Dashboard/div_Automation001' is clicked on

2019-03-01 09:37:23 - [MESSAGE][PASSED] - Object: 'Object Repository/Page_Integrations Dashboard/div_Automation001' is clicked on

2019-03-01 09:37:23 - [TEST_STEP][PASSED] - click(findTestObject("Page_Integrations Dashboard/input_1 (1)")): Object: 'Object Repository/Page_Integrations Dashboard/input_1 (1)' is clicked on

2019-03-01 09:37:23 - [MESSAGE][PASSED] - Object: 'Object Repository/Page_Integrations Dashboard/input_1 (1)' is clicked on

2019-03-01 09:37:23 - [TEST_STEP][PASSED] - delay(60): Delayed 60 second(s)

2019-03-01 09:38:23 - [MESSAGE][PASSED] - Delayed 60 second(s)

2019-03-01 09:38:23 - [TEST_STEP][PASSED] - com.integrationsDB.sqlConnection.connectDB(dbip, dbport, dbgrp, dbusr, dbpwd): com.integrationsDB.sqlConnection.connectDB is PASSED

2019-03-01 09:38:23 - [MESSAGE][PASSED] - com.integrationsDB.sqlConnection.connectDB is PASSED

2019-03-01 09:38:23 - [TEST_STEP][PASSED] - delay(2): Delayed 2 second(s)

2019-03-01 09:38:25 - [MESSAGE][PASSED] - Delayed 2 second(s)

2019-03-01 09:38:25 - [TEST_STEP][PASSED] - records = <not implemented yet for class: org.codehaus.groovy.ast.expr.EmptyExpression>: null

2019-03-01 09:38:25 - [TEST_STEP][PASSED] - tempRecords = new java.util.ArrayList(): null

2019-03-01 09:38:25 - [TEST_STEP][PASSED] - records = com.integrationsDB.sqlConnection.executeQuery(dbqtblmain): com.integrationsDB.sqlConnection.executeQuery is PASSED

2019-03-01 09:38:26 - [MESSAGE][PASSED] - com.integrationsDB.sqlConnection.executeQuery is PASSED

2019-03-01 09:38:26 - [TEST_STEP][PASSED] - noOfColumns = 0: null

2019-03-01 09:38:26 - [TEST_STEP][PASSED] - while (records.next()): null

2019-03-01 09:38:26 - [TEST_STEP][PASSED] - noOfColumns = getMetaData().getColumnCount(): null

2019-03-01 09:38:26 - [TEST_STEP][PASSED] - for ([i = 1, i <= noOfColumns, (i++)]): null

2019-03-01 09:38:26 - [TEST_STEP][PASSED] - sourcePattern = records.getString(i): null

2019-03-01 09:38:26 - [TEST_STEP][PASSED] - tempRecords.add(sourcePattern): null

2019-03-01 09:38:26 - [TEST_STEP][PASSED] - noOfColumns = getMetaData().getColumnCount(): null

2019-03-01 09:38:26 - [TEST_STEP][PASSED] - for ([i = 1, i <= noOfColumns, (i++)]): null

2019-03-01 09:38:26 - [TEST_STEP][PASSED] - sourcePattern = records.getString(i): null

2019-03-01 09:38:26 - [TEST_STEP][PASSED] - tempRecords.add(sourcePattern): null

2019-03-01 09:38:26 - [TEST_STEP][PASSED] - noOfColumns = getMetaData().getColumnCount(): null

2019-03-01 09:38:26 - [TEST_STEP][PASSED] - for ([i = 1, i <= noOfColumns, (i++)]): null

2019-03-01 09:38:26 - [TEST_STEP][PASSED] - sourcePattern = records.getString(i): null

2019-03-01 09:38:26 - [TEST_STEP][PASSED] - tempRecords.add(sourcePattern): null

2019-03-01 09:38:26 - [TEST_STEP][PASSED] - for (def item : tempRecords): null

2019-03-01 09:38:26 - [TEST_STEP][PASSED] - println(item): null

2019-03-01 09:38:26 - [TEST_STEP][PASSED] - println(item): null

2019-03-01 09:38:26 - [TEST_STEP][PASSED] - println(item): null

2019-03-01 09:38:26 - [TEST_STEP][PASSED] - delay(3): Delayed 3 second(s)

2019-03-01 09:38:29 - [MESSAGE][PASSED] - Delayed 3 second(s)

2019-03-01 09:38:29 - [TEST_STEP][PASSED] - com.integrationsDB.sqlConnection.execute(dbclnfullp): com.integrationsDB.sqlConnection.execute is PASSED

2019-03-01 09:38:29 - [MESSAGE][PASSED] - com.integrationsDB.sqlConnection.execute is PASSED

2019-03-01 09:38:29 - [TEST_STEP][PASSED] - com.integrationsDB.sqlConnection.execute(dbclntblmain): com.integrationsDB.sqlConnection.execute is PASSED

2019-03-01 09:38:29 - [MESSAGE][PASSED] - com.integrationsDB.sqlConnection.execute is PASSED

2019-03-01 09:38:29 - [TEST_STEP][PASSED] - delay(3): Delayed 3 second(s)

2019-03-01 09:38:32 - [MESSAGE][PASSED] - Delayed 3 second(s)

2019-03-01 09:38:32 - [TEST_STEP][PASSED] - com.integrationsDB.sqlConnection.closeDatabaseConnection(): com.integrationsDB.sqlConnection.closeDatabaseConnection is PASSED

2019-03-01 09:38:32 - [MESSAGE][PASSED] - com.integrationsDB.sqlConnection.closeDatabaseConnection is PASSED

2019-03-01 09:38:32 - [TEST_STEP][PASSED] - delay(3): Delayed 3 second(s)

2019-03-01 09:38:35 - [MESSAGE][PASSED] - Delayed 3 second(s)

2019-03-01 09:38:35 - [TEST_STEP][PASSED] - click(findTestObject("Page_Integrations Dashboard/a_Logout (1)")): Object: 'Object Repository/Page_Integrations Dashboard/a_Logout (1)' is clicked on

2019-03-01 09:38:35 - [MESSAGE][PASSED] - Object: 'Object Repository/Page_Integrations Dashboard/a_Logout (1)' is clicked on

2019-03-01 09:38:35 - [TEST_STEP][PASSED] - closeBrowser(): Browser is closed

2019-03-01 09:38:36 - [MESSAGE][PASSED] - Browser is closed]]></system-out>
         <system-err><![CDATA[]]></system-err>
      </testcase>
      <system-out><![CDATA[2019-03-01 09:35:29 - [TEST_SUITE][PASSED] - Integrations_ForcePop: Test Cases/Regression]]></system-out>
      <system-err><![CDATA[]]></system-err>
   </testsuite>
</testsuites>
